
> watch:css
> tailwindcss -i ./assets/styles/app.css -o ./public/build/app.css --watch

node:events:496
      throw er; // Unhandled 'error' event
      ^

Error: EBADF: bad file descriptor, read
Emitted 'error' event on ReadStream instance at:
    at emitErrorNT (node:internal/streams/destroy:169:8)
    at errorOrDestroy (node:internal/streams/destroy:238:7)
    at node:internal/fs/streams:272:9
    at FSReqCallback.wrapper [as oncomplete] (node:fs:687:5) {
  errno: -9,
  code: 'EBADF',
  syscall: 'read'
}

Node.js v20.12.0

> watch
> encore dev --watch

Running webpack ...

 DONE  Compiled successfully in 1253ms9:00:48 PM

5 files written to public/build
Entrypoint app [big] 681 KiB = runtime.js 14.6 KiB vendors-node_modules_symfony_stimulus-bridge_dist_index_js-node_modules_core-js_modules_es_da-e0fcee.js 638 KiB app.css 7.68 KiB app.js 21.1 KiB
webpack compiled successfully
 WAIT  Compiling...9:01:10 PM

 DONE  Compiled successfully in 203ms9:01:10 PM

5 files written to public/build
Entrypoint app [big] 681 KiB = runtime.js 14.6 KiB vendors-node_modules_symfony_stimulus-bridge_dist_index_js-node_modules_core-js_modules_es_da-e0fcee.js 638 KiB app.css 7.68 KiB app.js 21.1 KiB
webpack compiled successfully
Terminated
